# JRE version: OpenJDK Runtime Environment (17.0.6+10) (build 17.0.6+10-LTS)
# Java VM: OpenJDK 64-Bit Server VM (17.0.6+10-LTS, mixed mode, sharing, tiered, compressed oops, compressed class ptrs, g1 gc, windows-amd64)
GC Precious Log:
 CPUs: 4 total, 4 available
 Memory: 8071M
 Large Page Support: Disabled
 NUMA Support: Disabled
 Compressed Oops: Enabled (32-bit)
 Heap Region Size: 1M
 Heap Min Capacity: 8M
 Heap Initial Capacity: 128M
 Heap Max Capacity: 2018M
 Pre-touch: Disabled
 Parallel Workers: 4
 Concurrent Workers: 1
 Concurrent Refinement Workers: 4
 Periodic GC: Disabled
Heap:
 garbage-first heap   total 69632K, used 32001K [0x0000000081e00000, 0x0000000100000000)
  region size 1024K, 9 young (9216K), 1 survivors (1024K)
 Metaspace       used 55578K, committed 56128K, reserved 1097728K
  class space    used 7562K, committed 7808K, reserved 1048576K
GC Heap History (20 events):
Event: 10.037 GC heap before
{Heap before GC invocations=6 (full 0):
 garbage-first heap   total 48128K, used 15354K [0x0000000081e00000, 0x0000000100000000)
  region size 1024K, 5 young (5120K), 4 survivors (4096K)
 Metaspace       used 26085K, committed 26432K, reserved 1073152K
  class space    used 3318K, committed 3456K, reserved 1048576K
}
Event: 10.051 GC heap after
{Heap after GC invocations=7 (full 0):
 garbage-first heap   total 48128K, used 15679K [0x0000000081e00000, 0x0000000100000000)
  region size 1024K, 1 young (1024K), 1 survivors (1024K)
 Metaspace       used 26085K, committed 26432K, reserved 1073152K
  class space    used 3318K, committed 3456K, reserved 1048576K
}
Event: 11.193 GC heap before
{Heap before GC invocations=7 (full 0):
 garbage-first heap   total 48128K, used 32063K [0x0000000081e00000, 0x0000000100000000)
  region size 1024K, 18 young (18432K), 1 survivors (1024K)
 Metaspace       used 29309K, committed 29696K, reserved 1081344K
  class space    used 3734K, committed 3904K, reserved 1048576K
}
Event: 11.200 GC heap after
{Heap after GC invocations=8 (full 0):
 garbage-first heap   total 48128K, used 16382K [0x0000000081e00000, 0x0000000100000000)
  region size 1024K, 2 young (2048K), 2 survivors (2048K)
 Metaspace       used 29309K, committed 29696K, reserved 1081344K
  class space    used 3734K, committed 3904K, reserved 1048576K
}
Event: 12.501 GC heap before
{Heap before GC invocations=8 (full 0):
 garbage-first heap   total 48128K, used 33790K [0x0000000081e00000, 0x0000000100000000)
  region size 1024K, 20 young (20480K), 2 survivors (2048K)
 Metaspace       used 34219K, committed 34624K, reserved 1081344K
  class space    used 4454K, committed 4672K, reserved 1048576K
}
Event: 12.507 GC heap after
{Heap after GC invocations=9 (full 0):
 garbage-first heap   total 48128K, used 17585K [0x0000000081e00000, 0x0000000100000000)
  region size 1024K, 3 young (3072K), 3 survivors (3072K)
 Metaspace       used 34219K, committed 34624K, reserved 1081344K
  class space    used 4454K, committed 4672K, reserved 1048576K
}
Event: 12.704 GC heap before
{Heap before GC invocations=9 (full 0):
 garbage-first heap   total 48128K, used 19633K [0x0000000081e00000, 0x0000000100000000)
  region size 1024K, 7 young (7168K), 3 survivors (3072K)
 Metaspace       used 35563K, committed 35968K, reserved 1081344K
  class space    used 4595K, committed 4800K, reserved 1048576K
}
Event: 12.711 GC heap after
{Heap after GC invocations=10 (full 0):
 garbage-first heap   total 48128K, used 17845K [0x0000000081e00000, 0x0000000100000000)
  region size 1024K, 2 young (2048K), 2 survivors (2048K)
 Metaspace       used 35563K, committed 35968K, reserved 1081344K
  class space    used 4595K, committed 4800K, reserved 1048576K
}
Event: 14.006 GC heap before
{Heap before GC invocations=11 (full 0):
 garbage-first heap   total 48128K, used 36277K [0x0000000081e00000, 0x0000000100000000)
  region size 1024K, 20 young (20480K), 2 survivors (2048K)
 Metaspace       used 40422K, committed 40896K, reserved 1089536K
  class space    used 5269K, committed 5504K, reserved 1048576K
}
Event: 14.014 GC heap after
{Heap after GC invocations=12 (full 0):
 garbage-first heap   total 48128K, used 19456K [0x0000000081e00000, 0x0000000100000000)
  region size 1024K, 3 young (3072K), 3 survivors (3072K)
 Metaspace       used 40422K, committed 40896K, reserved 1089536K
  class space    used 5269K, committed 5504K, reserved 1048576K
}
Event: 15.135 GC heap before
{Heap before GC invocations=12 (full 0):
 garbage-first heap   total 48128K, used 35840K [0x0000000081e00000, 0x0000000100000000)
  region size 1024K, 20 young (20480K), 3 survivors (3072K)
 Metaspace       used 45718K, committed 46208K, reserved 1089536K
  class space    used 6172K, committed 6400K, reserved 1048576K
}
Event: 15.144 GC heap after
{Heap after GC invocations=13 (full 0):
 garbage-first heap   total 48128K, used 20419K [0x0000000081e00000, 0x0000000100000000)
  region size 1024K, 1 young (1024K), 1 survivors (1024K)
 Metaspace       used 45718K, committed 46208K, reserved 1089536K
  class space    used 6172K, committed 6400K, reserved 1048576K
}
Event: 16.257 GC heap before
{Heap before GC invocations=13 (full 0):
 garbage-first heap   total 48128K, used 36803K [0x0000000081e00000, 0x0000000100000000)
  region size 1024K, 18 young (18432K), 1 survivors (1024K)
 Metaspace       used 49739K, committed 50176K, reserved 1097728K
  class space    used 6705K, committed 6912K, reserved 1048576K
}
Event: 16.263 GC heap after
{Heap after GC invocations=14 (full 0):
 garbage-first heap   total 48128K, used 21650K [0x0000000081e00000, 0x0000000100000000)
  region size 1024K, 3 young (3072K), 3 survivors (3072K)
 Metaspace       used 49739K, committed 50176K, reserved 1097728K
  class space    used 6705K, committed 6912K, reserved 1048576K
}
Event: 17.011 GC heap before
{Heap before GC invocations=14 (full 0):
 garbage-first heap   total 48128K, used 37010K [0x0000000081e00000, 0x0000000100000000)
  region size 1024K, 18 young (18432K), 3 survivors (3072K)
 Metaspace       used 51146K, committed 51648K, reserved 1097728K
  class space    used 6923K, committed 7168K, reserved 1048576K
}
Event: 17.019 GC heap after
{Heap after GC invocations=15 (full 0):
 garbage-first heap   total 48128K, used 22926K [0x0000000081e00000, 0x0000000100000000)
  region size 1024K, 3 young (3072K), 3 survivors (3072K)
 Metaspace       used 51146K, committed 51648K, reserved 1097728K
  class space    used 6923K, committed 7168K, reserved 1048576K
}
Event: 17.900 GC heap before
{Heap before GC invocations=15 (full 0):
 garbage-first heap   total 48128K, used 38286K [0x0000000081e00000, 0x0000000100000000)
  region size 1024K, 18 young (18432K), 3 survivors (3072K)
 Metaspace       used 53027K, committed 53568K, reserved 1097728K
  class space    used 7190K, committed 7424K, reserved 1048576K
}
Event: 17.910 GC heap after
{Heap after GC invocations=16 (full 0):
 garbage-first heap   total 48128K, used 24638K [0x0000000081e00000, 0x0000000100000000)
  region size 1024K, 3 young (3072K), 3 survivors (3072K)
 Metaspace       used 53027K, committed 53568K, reserved 1097728K
  class space    used 7190K, committed 7424K, reserved 1048576K
}
Event: 421.605 GC heap before
{Heap before GC invocations=16 (full 0):
 garbage-first heap   total 48128K, used 37950K [0x0000000081e00000, 0x0000000100000000)
  region size 1024K, 16 young (16384K), 3 survivors (3072K)
 Metaspace       used 54144K, committed 54656K, reserved 1097728K
  class space    used 7317K, committed 7552K, reserved 1048576K
}
Event: 421.616 GC heap after
{Heap after GC invocations=17 (full 0):
 garbage-first heap   total 69632K, used 24833K [0x0000000081e00000, 0x0000000100000000)
  region size 1024K, 1 young (1024K), 1 survivors (1024K)
 Metaspace       used 54144K, committed 54656K, reserved 1097728K
  class space    used 7317K, committed 7552K, reserved 1048576K
}

